  AccessHandler.cpp
  Flash.cpp
E:\Let's Fly Project\Project1\Project1\Flash.cpp(6,94): warning C4244: аргумент: преобразование "T" в "T", возможна потеря данных
          with
          [
              T=unsigned int
          ]
          and
          [
              T=float
          ]
E:\Let's Fly Project\Project1\Project1\Flash.cpp(6,67): warning C4244: аргумент: преобразование "T" в "T", возможна потеря данных
          with
          [
              T=unsigned int
          ]
          and
          [
              T=float
          ]
E:\Let's Fly Project\Project1\Project1\Flash.cpp(20,14): warning C4244: инициализация: преобразование "float" в "int", возможна потеря данных
E:\Let's Fly Project\Project1\Project1\Flash.cpp(24,13): warning C4244: =: преобразование "float" в "int", возможна потеря данных
E:\Let's Fly Project\Project1\Project1\Flash.cpp(33,14): warning C4244: инициализация: преобразование "float" в "int", возможна потеря данных
E:\Let's Fly Project\Project1\Project1\Flash.cpp(37,13): warning C4244: =: преобразование "float" в "int", возможна потеря данных
  Game.cpp
  GameOverState.cpp
E:\Let's Fly Project\Project1\Project1\GameOverState.cpp(57,146): warning C4244: аргумент: преобразование "double" в "float", возможна потеря данных
E:\Let's Fly Project\Project1\Project1\GameOverState.cpp(58,187): warning C4244: аргумент: преобразование "double" в "float", возможна потеря данных
E:\Let's Fly Project\Project1\Project1\GameOverState.cpp(65,90): warning C4244: аргумент: преобразование "double" в "float", возможна потеря данных
E:\Let's Fly Project\Project1\Project1\GameOverState.cpp(65,57): warning C4244: аргумент: преобразование "double" в "float", возможна потеря данных
E:\Let's Fly Project\Project1\Project1\GameOverState.cpp(73,94): warning C4244: аргумент: преобразование "double" в "float", возможна потеря данных
E:\Let's Fly Project\Project1\Project1\GameOverState.cpp(73,61): warning C4244: аргумент: преобразование "double" в "float", возможна потеря данных
  GameState.cpp
E:\Let's Fly Project\Project1\Project1\GameState.cpp(101,22): warning C4018: <: несоответствие типов со знаком и без знака
E:\Let's Fly Project\Project1\Project1\GameState.cpp(116,23): warning C4018: <: несоответствие типов со знаком и без знака
  Score.cpp
E:\Let's Fly Project\Project1\Project1\Score.cpp(12,83): warning C4244: аргумент: преобразование "T" в "float", возможна потеря данных
          with
          [
              T=unsigned int
          ]
E:\Let's Fly Project\Project1\Project1\Score.cpp(12,52): warning C4244: аргумент: преобразование "T" в "float", возможна потеря данных
          with
          [
              T=unsigned int
          ]
  InputHandler.cpp
E:\Let's Fly Project\Project1\Project1\InputHandler.cpp(7,129): warning C4244: аргумент: преобразование "T" в "T", возможна потеря данных
          with
          [
              T=float
          ]
          and
          [
              T=int
          ]
E:\Let's Fly Project\Project1\Project1\InputHandler.cpp(7,97): warning C4244: аргумент: преобразование "T" в "T", возможна потеря данных
          with
          [
              T=float
          ]
          and
          [
              T=int
          ]
E:\Let's Fly Project\Project1\Project1\InputHandler.cpp(7,69): warning C4244: аргумент: преобразование "const T" в "T", возможна потеря данных
          with
          [
              T=float
          ]
          and
          [
              T=int
          ]
E:\Let's Fly Project\Project1\Project1\InputHandler.cpp(7,45): warning C4244: аргумент: преобразование "const T" в "T", возможна потеря данных
          with
          [
              T=float
          ]
          and
          [
              T=int
          ]
  main.cpp
  MainMenuState.cpp
  Obstacle.cpp
E:\Let's Fly Project\Project1\Project1\Obstacle.cpp(15,51): warning C4244: аргумент: преобразование "T" в "float", возможна потеря данных
          with
          [
              T=unsigned int
          ]
E:\Let's Fly Project\Project1\Project1\Obstacle.cpp(24,55): warning C4244: аргумент: преобразование "int" в "float", возможна потеря данных
E:\Let's Fly Project\Project1\Project1\Obstacle.cpp(24,51): warning C4244: аргумент: преобразование "T" в "float", возможна потеря данных
          with
          [
              T=unsigned int
          ]
E:\Let's Fly Project\Project1\Project1\Obstacle.cpp(33,51): warning C4244: аргумент: преобразование "T" в "float", возможна потеря данных
          with
          [
              T=unsigned int
          ]
E:\Let's Fly Project\Project1\Project1\Obstacle.cpp(43,51): warning C4244: аргумент: преобразование "T" в "float", возможна потеря данных
          with
          [
              T=unsigned int
          ]
E:\Let's Fly Project\Project1\Project1\Obstacle.cpp(51,21): warning C4018: <: несоответствие типов со знаком и без знака
E:\Let's Fly Project\Project1\Project1\Obstacle.cpp(67,21): warning C4018: <: несоответствие типов со знаком и без знака
  PixelCollision.cpp
E:\Let's Fly Project\Project1\Project1\PixelCollision.cpp(62,24): warning C4244: инициализация: преобразование "T" в "int", возможна потеря данных
          with
          [
              T=float
          ]
E:\Let's Fly Project\Project1\Project1\PixelCollision.cpp(63,28): warning C4244: инициализация: преобразование "T" в "int", возможна потеря данных
          with
          [
              T=float
          ]
E:\Let's Fly Project\Project1\Project1\PixelCollision.cpp(65,88): warning C4244: аргумент: преобразование "int" в "float", возможна потеря данных
E:\Let's Fly Project\Project1\Project1\PixelCollision.cpp(65,85): warning C4244: аргумент: преобразование "int" в "float", возможна потеря данных
E:\Let's Fly Project\Project1\Project1\PixelCollision.cpp(66,88): warning C4244: аргумент: преобразование "int" в "float", возможна потеря данных
E:\Let's Fly Project\Project1\Project1\PixelCollision.cpp(66,85): warning C4244: аргумент: преобразование "int" в "float", возможна потеря данных
E:\Let's Fly Project\Project1\Project1\PixelCollision.cpp(128,51): warning C4244: аргумент: преобразование "T" в "float", возможна потеря данных
          with
          [
              T=int
          ]
E:\Let's Fly Project\Project1\Project1\PixelCollision.cpp(129,64): warning C4244: аргумент: преобразование "T" в "float", возможна потеря данных
          with
          [
              T=int
          ]
E:\Let's Fly Project\Project1\Project1\PixelCollision.cpp(129,51): warning C4244: аргумент: преобразование "T" в "float", возможна потеря данных
          with
          [
              T=int
          ]
E:\Let's Fly Project\Project1\Project1\PixelCollision.cpp(130,56): warning C4244: аргумент: преобразование "T" в "float", возможна потеря данных
          with
          [
              T=int
          ]
  Plane.cpp
  InitialLoadingState.cpp
  StateHandler.cpp
  Создание кода
  707 of 719 functions (98.3%) were compiled, the rest were copied from previous compilation.
    2 functions were new in current compilation
    2 functions had inline decision re-evaluated but remain unchanged
  Создание кода завершено
  Project1.vcxproj -> E:\Let's Fly Project\Project1\Release\Project1.exe
