c:\users\hp\desktop\отображение очков\project1\project1\release\vc142.pdb
c:\users\hp\desktop\отображение очков\project1\project1\release\gamestate.obj
c:\users\hp\desktop\отображение очков\project1\project1\release\gameoverstate.obj
c:\users\hp\desktop\отображение очков\project1\project1\release\main.obj
c:\users\hp\desktop\отображение очков\project1\project1\release\splashstate.obj
c:\users\hp\desktop\отображение очков\project1\project1\release\plane.obj
c:\users\hp\desktop\отображение очков\project1\project1\release\pipe.obj
c:\users\hp\desktop\отображение очков\project1\project1\release\mainmenustate.obj
c:\users\hp\desktop\отображение очков\project1\project1\release\land.obj
c:\users\hp\desktop\отображение очков\project1\project1\release\hud.obj
c:\users\hp\desktop\отображение очков\project1\project1\release\flash.obj
c:\users\hp\desktop\отображение очков\project1\project1\release\game.obj
c:\users\hp\desktop\отображение очков\project1\project1\release\statemachine.obj
c:\users\hp\desktop\отображение очков\project1\project1\release\pixelcollision.obj
c:\users\hp\desktop\отображение очков\project1\project1\release\inputmanager.obj
c:\users\hp\desktop\отображение очков\project1\project1\release\collision.obj
c:\users\hp\desktop\отображение очков\project1\project1\release\assetmanager.obj
c:\users\hp\desktop\изм назв\project1\project1\release\vc142.pdb
c:\users\hp\desktop\изм назв\project1\project1\release\statehandler.obj
c:\users\hp\desktop\изм назв\project1\project1\release\initialloadingstate.obj
c:\users\hp\desktop\изм назв\project1\project1\release\plane.obj
c:\users\hp\desktop\изм назв\project1\project1\release\pixelcollision.obj
c:\users\hp\desktop\изм назв\project1\project1\release\pipe.obj
c:\users\hp\desktop\изм назв\project1\project1\release\mainmenustate.obj
c:\users\hp\desktop\изм назв\project1\project1\release\main.obj
c:\users\hp\desktop\изм назв\project1\project1\release\land.obj
c:\users\hp\desktop\изм назв\project1\project1\release\inputhandler.obj
c:\users\hp\desktop\изм назв\project1\project1\release\score.obj
c:\users\hp\desktop\изм назв\project1\project1\release\gamestate.obj
c:\users\hp\desktop\изм назв\project1\project1\release\gameoverstate.obj
c:\users\hp\desktop\изм назв\project1\project1\release\game.obj
c:\users\hp\desktop\изм назв\project1\project1\release\flash.obj
c:\users\hp\desktop\изм назв\project1\project1\release\collision.obj
c:\users\hp\desktop\изм назв\project1\project1\release\accesshandler.obj
c:\users\hp\desktop\изм назв — копия\project1\project1\release\vc142.pdb
c:\users\hp\desktop\изм назв — копия\project1\project1\release\statehandler.obj
c:\users\hp\desktop\изм назв — копия\project1\project1\release\initialloadingstate.obj
c:\users\hp\desktop\изм назв — копия\project1\project1\release\plane.obj
c:\users\hp\desktop\изм назв — копия\project1\project1\release\pixelcollision.obj
c:\users\hp\desktop\изм назв — копия\project1\project1\release\mainmenustate.obj
c:\users\hp\desktop\изм назв — копия\project1\project1\release\main.obj
c:\users\hp\desktop\изм назв — копия\project1\project1\release\inputhandler.obj
c:\users\hp\desktop\изм назв — копия\project1\project1\release\score.obj
c:\users\hp\desktop\изм назв — копия\project1\project1\release\gamestate.obj
c:\users\hp\desktop\изм назв — копия\project1\project1\release\gameoverstate.obj
c:\users\hp\desktop\изм назв — копия\project1\project1\release\game.obj
c:\users\hp\desktop\изм назв — копия\project1\project1\release\flash.obj
c:\users\hp\desktop\изм назв — копия\project1\project1\release\accesshandler.obj
c:\users\hp\desktop\изм назв — копия\project1\project1\release\obstacle.obj
c:\users\hp\desktop\отображение очков\project1\release\project1.exe
c:\users\hp\desktop\отображение очков\project1\release\project1.pdb
c:\users\hp\desktop\изм назв\project1\release\project1.exe
c:\users\hp\desktop\изм назв\project1\release\project1.pdb
c:\users\hp\desktop\изм назв — копия\project1\release\project1.exe
c:\users\hp\desktop\изм назв — копия\project1\release\project1.pdb
c:\users\hp\desktop\отображение очков\project1\release\project1.ipdb
c:\users\hp\desktop\отображение очков\project1\release\project1.iobj
c:\users\hp\desktop\изм назв\project1\release\project1.ipdb
c:\users\hp\desktop\изм назв\project1\release\project1.iobj
c:\users\hp\desktop\изм назв — копия\project1\release\project1.ipdb
c:\users\hp\desktop\изм назв — копия\project1\release\project1.iobj
c:\users\hp\desktop\изм назв — копия\project1\project1\release\assetmanager.obj
c:\users\hp\desktop\изм назв — копия\project1\project1\release\collision.obj
c:\users\hp\desktop\изм назв — копия\project1\project1\release\hud.obj
c:\users\hp\desktop\изм назв — копия\project1\project1\release\inputmanager.obj
c:\users\hp\desktop\изм назв — копия\project1\project1\release\land.obj
c:\users\hp\desktop\изм назв — копия\project1\project1\release\pipe.obj
c:\users\hp\desktop\изм назв — копия\project1\project1\release\splashstate.obj
c:\users\hp\desktop\изм назв — копия\project1\project1\release\statemachine.obj
c:\users\hp\desktop\изм назв — копия\project1\project1\release\project1.tlog\cl.command.1.tlog
c:\users\hp\desktop\изм назв — копия\project1\project1\release\project1.tlog\cl.read.1.tlog
c:\users\hp\desktop\изм назв — копия\project1\project1\release\project1.tlog\cl.write.1.tlog
c:\users\hp\desktop\изм назв — копия\project1\project1\release\project1.tlog\link.command.1.tlog
c:\users\hp\desktop\изм назв — копия\project1\project1\release\project1.tlog\link.delete.1.tlog
c:\users\hp\desktop\изм назв — копия\project1\project1\release\project1.tlog\link.read.1.tlog
c:\users\hp\desktop\изм назв — копия\project1\project1\release\project1.tlog\link.write.1.tlog
c:\users\hp\desktop\изм назв — копия\project1\project1\release\project1.tlog\project1.write.1u.tlog
